<?xml version="1.0" encoding="UTF-8"?>
<!-- Generated by org.testng.reporters.JUnitReportReporter -->
<testsuite skipped="0" hostname="DESKTOP-5LN919O" name="com.crm.qa.testCases.SearchAccountPageTest" tests="2" failures="0" timestamp="12 Dec 2018 14:41:39 GMT" time="0.011" errors="0">
  <testcase name="searchBasedOnAccountNameTest" time="0.004" classname="com.crm.qa.testCases.SearchAccountPageTest"/>
  <testcase name="searchPaginationTest" time="0.007" classname="com.crm.qa.testCases.SearchAccountPageTest"/>
</testsuite> <!-- com.crm.qa.testCases.SearchAccountPageTest -->
