<?xml version="1.0" encoding="UTF-8"?>
<!-- Generated by org.testng.reporters.JUnitReportReporter -->
<testsuite skipped="0" hostname="DESKTOP-5LN919O" name="com.crm.qa.testCases.CreateAccountPageTest" tests="1" failures="0" timestamp="05 Sep 2018 15:45:22 GMT" time="0.021" errors="0">
  <testcase name="createAccountTest" time="0.021" classname="com.crm.qa.testCases.CreateAccountPageTest"/>
</testsuite> <!-- com.crm.qa.testCases.CreateAccountPageTest -->
