<?xml version="1.0" encoding="UTF-8"?>
<!-- Generated by org.testng.reporters.JUnitReportReporter -->
<testsuite skipped="0" hostname="DESKTOP-5LN919O" name="com.crm.qa.testCases.CreateAccountPageTest" tests="1" failures="0" timestamp="29 Jan 2019 11:02:08 GMT" time="1.084" errors="0">
  <testcase name="createAccountPageTest" time="1.084" classname="com.crm.qa.testCases.CreateAccountPageTest"/>
</testsuite> <!-- com.crm.qa.testCases.CreateAccountPageTest -->
