<?xml version="1.0" encoding="UTF-8"?>
<!-- Generated by org.testng.reporters.JUnitReportReporter -->
<testsuite skipped="0" hostname="DESKTOP-5LN919O" name="com.crm.qa.testCases.ViewAccountPageTest" tests="3" failures="0" timestamp="12 Dec 2018 14:41:39 GMT" time="0.024" errors="0">
  <testcase name="viewAccountDetailsTest" time="0.007" classname="com.crm.qa.testCases.ViewAccountPageTest"/>
  <testcase name="deleteAccountTest" time="0.010" classname="com.crm.qa.testCases.ViewAccountPageTest"/>
  <testcase name="sortAccountNameTest" time="0.007" classname="com.crm.qa.testCases.ViewAccountPageTest"/>
</testsuite> <!-- com.crm.qa.testCases.ViewAccountPageTest -->
