<?xml version="1.0" encoding="UTF-8"?>
<!-- Generated by org.testng.reporters.JUnitReportReporter -->
<testsuite skipped="0" hostname="DESKTOP-5LN919O" name="com.crm.qa.testCases.ViewAccountPageTest" tests="3" failures="0" timestamp="05 Sep 2018 15:45:22 GMT" time="0.012" errors="0">
  <testcase name="viewAccountDetailsTest" time="0.001" classname="com.crm.qa.testCases.ViewAccountPageTest"/>
  <testcase name="sortAccountNameTest" time="0.000" classname="com.crm.qa.testCases.ViewAccountPageTest"/>
  <testcase name="deleteAccountTest" time="0.011" classname="com.crm.qa.testCases.ViewAccountPageTest"/>
</testsuite> <!-- com.crm.qa.testCases.ViewAccountPageTest -->
