<?xml version="1.0" encoding="UTF-8"?>
<!-- Generated by org.testng.reporters.JUnitReportReporter -->
<testsuite hostname="DESKTOP-5LN919O" name="com.crm.qa.testCases.ViewAccountPageTest" tests="3" failures="0" timestamp="11 Sep 2018 12:49:29 GMT" time="0.000" errors="0">
  <testcase name="sortAccountNameTest" time="0.000" classname="com.crm.qa.testCases.ViewAccountPageTest"/>
  <testcase name="deleteAccountTest" time="0.000" classname="com.crm.qa.testCases.ViewAccountPageTest"/>
  <testcase name="viewAccountDetailsTest" time="0.000" classname="com.crm.qa.testCases.ViewAccountPageTest"/>
</testsuite> <!-- com.crm.qa.testCases.ViewAccountPageTest -->
