<?xml version="1.0" encoding="UTF-8"?>
<!-- Generated by org.testng.reporters.JUnitReportReporter -->
<testsuite hostname="DESKTOP-5LN919O" name="com.crm.qa.testCases.ViewAccountPageTest" tests="3" failures="0" timestamp="7 Sep 2018 14:14:26 GMT" time="0.019" errors="0">
  <testcase name="sortAccountNameTest" time="0.012" classname="com.crm.qa.testCases.ViewAccountPageTest"/>
  <testcase name="deleteAccountTest" time="0.001" classname="com.crm.qa.testCases.ViewAccountPageTest"/>
  <testcase name="viewAccountDetailsTest" time="0.006" classname="com.crm.qa.testCases.ViewAccountPageTest"/>
</testsuite> <!-- com.crm.qa.testCases.ViewAccountPageTest -->
