<?xml version="1.0" encoding="UTF-8"?>
<!-- Generated by org.testng.reporters.JUnitReportReporter -->
<testsuite hostname="DESKTOP-5LN919O" name="com.crm.qa.testCases.SearchAccountPageTest" tests="2" failures="0" timestamp="11 Sep 2018 12:49:29 GMT" time="0.016" errors="0">
  <testcase name="searchBasedOnAccountNameTest" time="0.000" classname="com.crm.qa.testCases.SearchAccountPageTest"/>
  <testcase name="searchPaginationTest" time="0.016" classname="com.crm.qa.testCases.SearchAccountPageTest"/>
</testsuite> <!-- com.crm.qa.testCases.SearchAccountPageTest -->
