<?xml version="1.0" encoding="UTF-8"?>
<!-- Generated by org.testng.reporters.JUnitReportReporter -->
<testsuite hostname="DESKTOP-5LN919O" name="com.crm.qa.testCases.SearchAccountPageTest" tests="2" failures="0" timestamp="7 Sep 2018 14:14:26 GMT" time="0.011" errors="0">
  <testcase name="searchBasedOnAccountNameTest" time="0.010" classname="com.crm.qa.testCases.SearchAccountPageTest"/>
  <testcase name="searchPaginationTest" time="0.001" classname="com.crm.qa.testCases.SearchAccountPageTest"/>
</testsuite> <!-- com.crm.qa.testCases.SearchAccountPageTest -->
